/*C3*/SET SCHEMA PUBLIC
INSERT INTO SENARIOS VALUES('c151dc3f-7cab-4fb6-8d0f-0fa2e1410471','4','retarit boulnager')
INSERT INTO WEB_SERVICE_SCENARIO VALUES(1,'1c018f8b-5eaa-4743-b615-3b08b0124b0c','c151dc3f-7cab-4fb6-8d0f-0fa2e1410471')
INSERT INTO WEB_SERVICE_SCENARIO VALUES(2,'89e52ad0-6c89-4a40-b21c-a1c97c9ba391','c151dc3f-7cab-4fb6-8d0f-0fa2e1410471')
INSERT INTO WEB_SERVICE_SCENARIO VALUES(3,'04af2446-14f8-4125-90a5-997d6b4dd646','c151dc3f-7cab-4fb6-8d0f-0fa2e1410471')
INSERT INTO WEB_SERVICE_SCENARIO VALUES(4,'edbef8c2-3488-427b-acbc-c8ff0aa04542','c151dc3f-7cab-4fb6-8d0f-0fa2e1410471')
INSERT INTO WEB_SERVICE_SCENARIO VALUES(5,'c15e34c3-6256-4681-9b39-5afe252f0b8a','c151dc3f-7cab-4fb6-8d0f-0fa2e1410471')
INSERT INTO WEB_SERVICE_SCENARIO VALUES(6,'87d664b1-03c8-4996-9004-4b12ce93b29f','c151dc3f-7cab-4fb6-8d0f-0fa2e1410471')
INSERT INTO WEB_SERVICE_SCENARIO VALUES(7,'8ef21c51-58b1-46d9-a5ae-cf16c7cbcb37','c151dc3f-7cab-4fb6-8d0f-0fa2e1410471')
INSERT INTO WEB_SERVICE_SCENARIO VALUES(8,'c15e34c3-6256-4681-9b39-5afe252f0b8a','c151dc3f-7cab-4fb6-8d0f-0fa2e1410471')
INSERT INTO WEB_SERVICE_SCENARIO VALUES(9,'21eba1d9-c4a8-4146-955f-0d9126bf5d95','c151dc3f-7cab-4fb6-8d0f-0fa2e1410471')
INSERT INTO WEB_SERVICE_SCENARIO VALUES(10,'87c713a0-fc75-493b-a7dc-99e5efdbcd1e','c151dc3f-7cab-4fb6-8d0f-0fa2e1410471')
INSERT INTO WEB_SERVICE_SCENARIO VALUES(11,'c15e34c3-6256-4681-9b39-5afe252f0b8a','c151dc3f-7cab-4fb6-8d0f-0fa2e1410471')
INSERT INTO WEB_SERVICE_SCENARIO VALUES(12,'a23fbdd6-e741-4696-8ce1-dab9cf173126','c151dc3f-7cab-4fb6-8d0f-0fa2e1410471')
INSERT INTO WEB_SERVICE_SCENARIO VALUES(13,'f81b6826-a1f6-4434-a6e7-01a5cf1d871d','c151dc3f-7cab-4fb6-8d0f-0fa2e1410471')
INSERT INTO WEB_SERVICE_SCENARIO VALUES(14,'c15e34c3-6256-4681-9b39-5afe252f0b8a','c151dc3f-7cab-4fb6-8d0f-0fa2e1410471')
INSERT INTO WEB_SERVICE_SCENARIO VALUES(15,'61b521aa-9d18-429b-aa6c-7400b1ed2ba6','c151dc3f-7cab-4fb6-8d0f-0fa2e1410471')
COMMIT
INSERT INTO SCENARIO_RECORD VALUES('2404fe54-e146-45cb-b28e-b6dbd749c20b','2018-07-31 09:59:33.598000','2018-07-31 09:59:33.598000','ok','c151dc3f-7cab-4fb6-8d0f-0fa2e1410471')
COMMIT
INSERT INTO SERVICE_RECORD VALUES('687c83ff-174b-464f-98fc-868a44a44044','2018-07-31 09:59:33.611000','2018-07-31 09:59:33.611000',0,'/home/front-vendeur/Bureau/tesWs/webservice/login02018-07-31-09:07:33','ok','1c018f8b-5eaa-4743-b615-3b08b0124b0c','2404fe54-e146-45cb-b28e-b6dbd749c20b')
COMMIT
INSERT INTO SERVICE_RECORD VALUES('f6bdce92-41b0-474a-b464-b0fbbd7e1932','2018-07-31 09:59:34.886000','2018-07-31 09:59:34.886000',2,'/home/front-vendeur/Bureau/tesWs/webservice/produitStock22018-07-31-09:07:34','ok','89e52ad0-6c89-4a40-b21c-a1c97c9ba391','2404fe54-e146-45cb-b28e-b6dbd749c20b')
COMMIT
INSERT INTO SERVICE_RECORD VALUES('f7a049ac-66af-430c-b449-821eae51b45d','2018-07-31 09:59:38.158000','2018-07-31 09:59:38.158000',3,'/home/front-vendeur/Bureau/tesWs/webservice/rechercheclient32018-07-31-09:07:38','ok','04af2446-14f8-4125-90a5-997d6b4dd646','2404fe54-e146-45cb-b28e-b6dbd749c20b')
COMMIT
INSERT INTO SERVICE_RECORD VALUES('c9a0cdcd-e741-4e05-9515-49fa77019c89','2018-07-31 09:59:38.257000','2018-07-31 09:59:38.257000',4,'/home/front-vendeur/Bureau/tesWs/webservice/associerClient42018-07-31-09:07:38','ok','edbef8c2-3488-427b-acbc-c8ff0aa04542','2404fe54-e146-45cb-b28e-b6dbd749c20b')
COMMIT
INSERT INTO SERVICE_RECORD VALUES('d9a6ece0-8cfb-47b9-986b-dbba34174155','2018-07-31 09:59:38.355000','2018-07-31 09:59:38.355000',5,'/home/front-vendeur/Bureau/tesWs/webservice/rafraichir52018-07-31-09:07:38','ok','c15e34c3-6256-4681-9b39-5afe252f0b8a','2404fe54-e146-45cb-b28e-b6dbd749c20b')
COMMIT
INSERT INTO SERVICE_RECORD VALUES('0586fce8-c23d-447d-82a7-bca56280b21a','2018-07-31 09:59:38.517000','2018-07-31 09:59:38.517000',6,'/home/front-vendeur/Bureau/tesWs/webservice/ajoutProduit62018-07-31-09:07:38','ok','87d664b1-03c8-4996-9004-4b12ce93b29f','2404fe54-e146-45cb-b28e-b6dbd749c20b')
COMMIT
INSERT INTO SERVICE_RECORD VALUES('8a0f87e5-fbb7-439b-ad09-517f13329de5','2018-07-31 09:59:38.847000','2018-07-31 09:59:38.847000',7,'/home/front-vendeur/Bureau/tesWs/webservice/ValiderModeLiv72018-07-31-09:07:38','ok','8ef21c51-58b1-46d9-a5ae-cf16c7cbcb37','2404fe54-e146-45cb-b28e-b6dbd749c20b')
COMMIT
INSERT INTO SERVICE_RECORD VALUES('94e6f0c7-90c2-4c92-9b08-e35c7c7fb8bd','2018-07-31 09:59:38.937000','2018-07-31 09:59:38.937000',8,'/home/front-vendeur/Bureau/tesWs/webservice/rafraichir82018-07-31-09:07:38','ok','c15e34c3-6256-4681-9b39-5afe252f0b8a','2404fe54-e146-45cb-b28e-b6dbd749c20b')
COMMIT
INSERT INTO SERVICE_RECORD VALUES('bd362e9d-2988-42c9-b938-d3b4f1558eda','2018-07-31 09:59:39.087000','2018-07-31 09:59:39.087000',9,'/home/front-vendeur/Bureau/tesWs/webservice/valider92018-07-31-09:07:39','ok','21eba1d9-c4a8-4146-955f-0d9126bf5d95','2404fe54-e146-45cb-b28e-b6dbd749c20b')
COMMIT
INSERT INTO SERVICE_RECORD VALUES('202c23a8-6764-4c6f-a5ca-53a7d1f983a6','2018-07-31 09:59:39.172000','2018-07-31 09:59:39.172000',10,'/home/front-vendeur/Bureau/tesWs/webservice/PlaningLiv102018-07-31-09:07:39','ok','87c713a0-fc75-493b-a7dc-99e5efdbcd1e','2404fe54-e146-45cb-b28e-b6dbd749c20b')
COMMIT
INSERT INTO SERVICE_RECORD VALUES('6ad2aa6a-71ec-4890-9fbb-4c5a1a8963ff','2018-07-31 09:59:39.324000','2018-07-31 09:59:39.324000',11,'/home/front-vendeur/Bureau/tesWs/webservice/rafraichir112018-07-31-09:07:39','ok','c15e34c3-6256-4681-9b39-5afe252f0b8a','2404fe54-e146-45cb-b28e-b6dbd749c20b')
COMMIT
INSERT INTO SERVICE_RECORD VALUES('06f8fd50-dcb8-4e55-8995-556bf1016c5e','2018-07-31 09:59:39.481000','2018-07-31 09:59:39.481000',12,'/home/front-vendeur/Bureau/tesWs/webservice/rechercheCp122018-07-31-09:07:39','ok','a23fbdd6-e741-4696-8ce1-dab9cf173126','2404fe54-e146-45cb-b28e-b6dbd749c20b')
COMMIT
INSERT INTO SERVICE_RECORD VALUES('e12ee024-40da-49fb-a911-e949164e2dc8','2018-07-31 09:59:39.590000','2018-07-31 09:59:39.590000',13,'/home/front-vendeur/Bureau/tesWs/webservice/validerVendeur132018-07-31-09:07:39','ok','f81b6826-a1f6-4434-a6e7-01a5cf1d871d','2404fe54-e146-45cb-b28e-b6dbd749c20b')
COMMIT
INSERT INTO SERVICE_RECORD VALUES('64dbe37d-2c6d-4b41-8eff-094b1961463a','2018-07-31 09:59:39.667000','2018-07-31 09:59:39.667000',14,'/home/front-vendeur/Bureau/tesWs/webservice/rafraichir142018-07-31-09:07:39','ok','c15e34c3-6256-4681-9b39-5afe252f0b8a','2404fe54-e146-45cb-b28e-b6dbd749c20b')
COMMIT
INSERT INTO SERVICE_RECORD VALUES('a7c6926a-d2da-4ef7-9565-f890414a85c1','2018-07-31 09:59:39.809000','2018-07-31 09:59:39.809000',15,'/home/front-vendeur/Bureau/tesWs/webservice/DerniereCommande152018-07-31-09:07:39','ok','61b521aa-9d18-429b-aa6c-7400b1ed2ba6','2404fe54-e146-45cb-b28e-b6dbd749c20b')
COMMIT
INSERT INTO SCENARIO_RECORD VALUES('af6aa138-c3b2-489e-b724-86dd6f446466','2018-07-31 09:59:44.081000','2018-07-31 09:59:44.081000','ok','c151dc3f-7cab-4fb6-8d0f-0fa2e1410471')
COMMIT
INSERT INTO SERVICE_RECORD VALUES('5346a953-6afe-432e-96d1-d70339562bb6','2018-07-31 09:59:44.087000','2018-07-31 09:59:44.087000',0,'/home/front-vendeur/Bureau/tesWs/webservice/login02018-07-31-09:07:44','ok','1c018f8b-5eaa-4743-b615-3b08b0124b0c','af6aa138-c3b2-489e-b724-86dd6f446466')
COMMIT
INSERT INTO SERVICE_RECORD VALUES('67bb3bda-1814-4a08-9707-bf05fff463dd','2018-07-31 09:59:44.423000','2018-07-31 09:59:44.423000',2,'/home/front-vendeur/Bureau/tesWs/webservice/produitStock22018-07-31-09:07:44','ok','89e52ad0-6c89-4a40-b21c-a1c97c9ba391','af6aa138-c3b2-489e-b724-86dd6f446466')
COMMIT
INSERT INTO SERVICE_RECORD VALUES('a7eab2ce-7986-42a1-8dfe-93d33ef918d6','2018-07-31 09:59:47.038000','2018-07-31 09:59:47.038000',3,'/home/front-vendeur/Bureau/tesWs/webservice/rechercheclient32018-07-31-09:07:47','ok','04af2446-14f8-4125-90a5-997d6b4dd646','af6aa138-c3b2-489e-b724-86dd6f446466')
COMMIT
INSERT INTO SERVICE_RECORD VALUES('493e0fe5-7b9d-43d3-936e-13eec175b1a8','2018-07-31 09:59:47.127000','2018-07-31 09:59:47.127000',4,'/home/front-vendeur/Bureau/tesWs/webservice/associerClient42018-07-31-09:07:47','ok','edbef8c2-3488-427b-acbc-c8ff0aa04542','af6aa138-c3b2-489e-b724-86dd6f446466')
COMMIT
INSERT INTO SERVICE_RECORD VALUES('e6cafc8a-ca2f-43e6-96c6-920e8a32b341','2018-07-31 09:59:47.213000','2018-07-31 09:59:47.213000',5,'/home/front-vendeur/Bureau/tesWs/webservice/rafraichir52018-07-31-09:07:47','ok','c15e34c3-6256-4681-9b39-5afe252f0b8a','af6aa138-c3b2-489e-b724-86dd6f446466')
COMMIT
INSERT INTO SERVICE_RECORD VALUES('8bf4f7c1-e0e5-45ce-a12e-c8cdfdd46a9b','2018-07-31 09:59:47.339000','2018-07-31 09:59:47.339000',6,'/home/front-vendeur/Bureau/tesWs/webservice/ajoutProduit62018-07-31-09:07:47','ok','87d664b1-03c8-4996-9004-4b12ce93b29f','af6aa138-c3b2-489e-b724-86dd6f446466')
COMMIT
INSERT INTO SERVICE_RECORD VALUES('cb4e9a2e-5422-4d3d-9b59-e4917c861bd8','2018-07-31 09:59:47.677000','2018-07-31 09:59:47.677000',7,'/home/front-vendeur/Bureau/tesWs/webservice/ValiderModeLiv72018-07-31-09:07:47','ok','8ef21c51-58b1-46d9-a5ae-cf16c7cbcb37','af6aa138-c3b2-489e-b724-86dd6f446466')
COMMIT
INSERT INTO SERVICE_RECORD VALUES('687fa3c4-dde0-48a1-9941-b02fcb284db7','2018-07-31 09:59:47.752000','2018-07-31 09:59:47.752000',8,'/home/front-vendeur/Bureau/tesWs/webservice/rafraichir82018-07-31-09:07:47','ok','c15e34c3-6256-4681-9b39-5afe252f0b8a','af6aa138-c3b2-489e-b724-86dd6f446466')
COMMIT
INSERT INTO SERVICE_RECORD VALUES('fee13136-7bee-4a93-b92a-ef9b128399a5','2018-07-31 09:59:47.898000','2018-07-31 09:59:47.898000',9,'/home/front-vendeur/Bureau/tesWs/webservice/valider92018-07-31-09:07:47','ok','21eba1d9-c4a8-4146-955f-0d9126bf5d95','af6aa138-c3b2-489e-b724-86dd6f446466')
COMMIT
INSERT INTO SERVICE_RECORD VALUES('f39128a1-7b0d-4663-9ee9-cb0facf9b422','2018-07-31 09:59:47.995000','2018-07-31 09:59:47.995000',10,'/home/front-vendeur/Bureau/tesWs/webservice/PlaningLiv102018-07-31-09:07:47','ok','87c713a0-fc75-493b-a7dc-99e5efdbcd1e','af6aa138-c3b2-489e-b724-86dd6f446466')
COMMIT
INSERT INTO SERVICE_RECORD VALUES('b4b9b1a9-b83d-49d7-99fa-e8420195691b','2018-07-31 09:59:48.093000','2018-07-31 09:59:48.093000',11,'/home/front-vendeur/Bureau/tesWs/webservice/rafraichir112018-07-31-09:07:48','ok','c15e34c3-6256-4681-9b39-5afe252f0b8a','af6aa138-c3b2-489e-b724-86dd6f446466')
COMMIT
INSERT INTO SERVICE_RECORD VALUES('5a947529-c9e0-4f9a-ad91-2a977dc025c9','2018-07-31 09:59:48.236000','2018-07-31 09:59:48.236000',12,'/home/front-vendeur/Bureau/tesWs/webservice/rechercheCp122018-07-31-09:07:48','ok','a23fbdd6-e741-4696-8ce1-dab9cf173126','af6aa138-c3b2-489e-b724-86dd6f446466')
COMMIT
INSERT INTO SERVICE_RECORD VALUES('5bf7631c-167a-4aa3-abac-9acc4849c86d','2018-07-31 09:59:48.326000','2018-07-31 09:59:48.326000',13,'/home/front-vendeur/Bureau/tesWs/webservice/validerVendeur132018-07-31-09:07:48','ok','f81b6826-a1f6-4434-a6e7-01a5cf1d871d','af6aa138-c3b2-489e-b724-86dd6f446466')
COMMIT
INSERT INTO SERVICE_RECORD VALUES('c3ad218b-670c-40d4-860e-e7b61ba613e8','2018-07-31 09:59:48.413000','2018-07-31 09:59:48.413000',14,'/home/front-vendeur/Bureau/tesWs/webservice/rafraichir142018-07-31-09:07:48','ok','c15e34c3-6256-4681-9b39-5afe252f0b8a','af6aa138-c3b2-489e-b724-86dd6f446466')
COMMIT
INSERT INTO SERVICE_RECORD VALUES('abfa6d9b-6141-47ab-9723-01b0b0e042ca','2018-07-31 09:59:48.555000','2018-07-31 09:59:48.555000',15,'/home/front-vendeur/Bureau/tesWs/webservice/DerniereCommande152018-07-31-09:07:48','ok','61b521aa-9d18-429b-aa6c-7400b1ed2ba6','af6aa138-c3b2-489e-b724-86dd6f446466')
COMMIT
INSERT INTO SENARIOS VALUES('fa89cc65-3b45-42b7-b828-44d90f931be0','4','testScenario')
INSERT INTO WEB_SERVICE_SCENARIO VALUES(1,'1c018f8b-5eaa-4743-b615-3b08b0124b0c','fa89cc65-3b45-42b7-b828-44d90f931be0')
INSERT INTO WEB_SERVICE_SCENARIO VALUES(2,'84fb59c0-1487-4c67-85bd-99f0b8cd0551','fa89cc65-3b45-42b7-b828-44d90f931be0')
INSERT INTO WEB_SERVICE_SCENARIO VALUES(3,'21eba1d9-c4a8-4146-955f-0d9126bf5d95','fa89cc65-3b45-42b7-b828-44d90f931be0')
COMMIT
INSERT INTO WEB_SERVICE_SCENARIO VALUES(3,'b4f96002-0c2a-44f0-aae1-6fe328e191a6','fa89cc65-3b45-42b7-b828-44d90f931be0')
DELETE FROM SENARIOS WHERE ID='fa89cc65-3b45-42b7-b828-44d90f931be0'
INSERT INTO SENARIOS VALUES('fa89cc65-3b45-42b7-b828-44d90f931be0','1','testupdate1')
COMMIT
